{"C:\\Users\\T500\\Desktop\\backend\\src\\types.ts": {"path":"C:\\Users\\T500\\Desktop\\backend\\src\\types.ts","statementMap":{"0":{"start":{"line":1,"column":0},"end":{"line":1,"column":null}},"1":{"start":{"line":2,"column":2},"end":{"line":2,"column":null}},"2":{"start":{"line":3,"column":2},"end":{"line":3,"column":null}},"3":{"start":{"line":6,"column":0},"end":{"line":6,"column":null}},"4":{"start":{"line":7,"column":2},"end":{"line":7,"column":null}},"5":{"start":{"line":8,"column":2},"end":{"line":8,"column":null}}},"fnMap":{"0":{"name":"(anonymous_0)","decl":{"start":{"line":1,"column":0},"end":{"line":1,"column":12}},"loc":{"start":{"line":1,"column":22},"end":{"line":4,"column":1}}},"1":{"name":"(anonymous_1)","decl":{"start":{"line":6,"column":0},"end":{"line":6,"column":12}},"loc":{"start":{"line":6,"column":26},"end":{"line":9,"column":1}}}},"branchMap":{"0":{"loc":{"start":{"line":1,"column":12},"end":{"line":1,"column":null}},"type":"binary-expr","locations":[{"start":{"line":1,"column":12},"end":{"line":1,"column":22}},{"start":{"line":1,"column":12},"end":{"line":1,"column":null}}]},"1":{"loc":{"start":{"line":6,"column":12},"end":{"line":6,"column":null}},"type":"binary-expr","locations":[{"start":{"line":6,"column":12},"end":{"line":6,"column":26}},{"start":{"line":6,"column":12},"end":{"line":6,"column":null}}]}},"s":{"0":2,"1":2,"2":2,"3":2,"4":2,"5":2},"f":{"0":2,"1":2},"b":{"0":[2,2],"1":[2,2]}}
,"C:\\Users\\T500\\Desktop\\backend\\src\\business\\UserBusiness.ts": {"path":"C:\\Users\\T500\\Desktop\\backend\\src\\business\\UserBusiness.ts","statementMap":{"0":{"start":{"line":4,"column":0},"end":{"line":4,"column":60}},"1":{"start":{"line":5,"column":0},"end":{"line":5,"column":56}},"2":{"start":{"line":6,"column":0},"end":{"line":6,"column":38}},"3":{"start":{"line":10,"column":0},"end":{"line":10,"column":60}},"4":{"start":{"line":14,"column":16},"end":{"line":14,"column":42}},"5":{"start":{"line":15,"column":16},"end":{"line":15,"column":40}},"6":{"start":{"line":16,"column":16},"end":{"line":16,"column":42}},"7":{"start":{"line":17,"column":16},"end":{"line":17,"column":40}},"8":{"start":{"line":20,"column":11},"end":{"line":55,"column":null}},"9":{"start":{"line":20,"column":86},"end":{"line":55,"column":null}},"10":{"start":{"line":21,"column":42},"end":{"line":21,"column":47}},"11":{"start":{"line":24,"column":19},"end":{"line":24,"column":46}},"12":{"start":{"line":25,"column":31},"end":{"line":25,"column":68}},"13":{"start":{"line":26,"column":21},"end":{"line":26,"column":38}},"14":{"start":{"line":27,"column":26},"end":{"line":27,"column":50}},"15":{"start":{"line":29,"column":24},"end":{"line":35,"column":null}},"16":{"start":{"line":38,"column":23},"end":{"line":38,"column":42}},"17":{"start":{"line":40,"column":8},"end":{"line":40,"column":null}},"18":{"start":{"line":42,"column":38},"end":{"line":46,"column":null}},"19":{"start":{"line":48,"column":22},"end":{"line":48,"column":60}},"20":{"start":{"line":50,"column":44},"end":{"line":52,"column":null}},"21":{"start":{"line":54,"column":8},"end":{"line":54,"column":null}},"22":{"start":{"line":57,"column":11},"end":{"line":97,"column":null}},"23":{"start":{"line":57,"column":83},"end":{"line":97,"column":null}},"24":{"start":{"line":58,"column":36},"end":{"line":58,"column":41}},"25":{"start":{"line":60,"column":43},"end":{"line":60,"column":85}},"26":{"start":{"line":62,"column":8},"end":{"line":64,"column":null}},"27":{"start":{"line":63,"column":12},"end":{"line":63,"column":null}},"28":{"start":{"line":66,"column":21},"end":{"line":72,"column":null}},"29":{"start":{"line":75,"column":31},"end":{"line":75,"column":49}},"30":{"start":{"line":77,"column":34},"end":{"line":78,"column":46}},"31":{"start":{"line":80,"column":8},"end":{"line":82,"column":null}},"32":{"start":{"line":81,"column":12},"end":{"line":81,"column":null}},"33":{"start":{"line":84,"column":38},"end":{"line":88,"column":null}},"34":{"start":{"line":90,"column":22},"end":{"line":90,"column":60}},"35":{"start":{"line":92,"column":43},"end":{"line":94,"column":null}},"36":{"start":{"line":96,"column":8},"end":{"line":96,"column":null}},"37":{"start":{"line":12,"column":0},"end":{"line":12,"column":13}}},"fnMap":{"0":{"name":"(anonymous_7)","decl":{"start":{"line":13,"column":4},"end":{"line":13,"column":null}},"loc":{"start":{"line":17,"column":40},"end":{"line":18,"column":8}}},"1":{"name":"(anonymous_8)","decl":{"start":{"line":20,"column":20},"end":{"line":20,"column":27}},"loc":{"start":{"line":20,"column":86},"end":{"line":55,"column":null}}},"2":{"name":"(anonymous_9)","decl":{"start":{"line":20,"column":86},"end":{"line":20,"column":null}},"loc":{"start":{"line":20,"column":86},"end":{"line":55,"column":5}}},"3":{"name":"(anonymous_10)","decl":{"start":{"line":57,"column":19},"end":{"line":57,"column":26}},"loc":{"start":{"line":57,"column":83},"end":{"line":97,"column":null}}},"4":{"name":"(anonymous_11)","decl":{"start":{"line":57,"column":83},"end":{"line":57,"column":null}},"loc":{"start":{"line":57,"column":83},"end":{"line":97,"column":5}}}},"branchMap":{"0":{"loc":{"start":{"line":62,"column":8},"end":{"line":64,"column":null}},"type":"if","locations":[{"start":{"line":62,"column":8},"end":{"line":64,"column":null}}]},"1":{"loc":{"start":{"line":80,"column":8},"end":{"line":82,"column":null}},"type":"if","locations":[{"start":{"line":80,"column":8},"end":{"line":82,"column":null}}]}},"s":{"0":2,"1":2,"2":2,"3":2,"4":2,"5":2,"6":2,"7":2,"8":2,"9":1,"10":1,"11":1,"12":1,"13":1,"14":1,"15":1,"16":1,"17":1,"18":1,"19":1,"20":1,"21":1,"22":2,"23":1,"24":1,"25":1,"26":1,"27":0,"28":1,"29":1,"30":1,"31":1,"32":0,"33":1,"34":1,"35":1,"36":1,"37":2},"f":{"0":2,"1":1,"2":1,"3":1,"4":1},"b":{"0":[0],"1":[0]}}
,"C:\\Users\\T500\\Desktop\\backend\\src\\database\\BaseDatabase.ts": {"path":"C:\\Users\\T500\\Desktop\\backend\\src\\database\\BaseDatabase.ts","statementMap":{"0":{"start":{"line":1,"column":0},"end":{"line":1,"column":27}},"1":{"start":{"line":2,"column":0},"end":{"line":2,"column":27}},"2":{"start":{"line":4,"column":0},"end":{"line":4,"column":null}},"3":{"start":{"line":6,"column":0},"end":{"line":6,"column":22}},"4":{"start":{"line":7,"column":21},"end":{"line":20,"column":null}},"5":{"start":{"line":17,"column":16},"end":{"line":17,"column":null}}},"fnMap":{"0":{"name":"(anonymous_1)","decl":{"start":{"line":16,"column":25},"end":{"line":16,"column":26}},"loc":{"start":{"line":16,"column":48},"end":{"line":18,"column":13}}}},"branchMap":{},"s":{"0":2,"1":2,"2":2,"3":2,"4":2,"5":0},"f":{"0":0},"b":{}}
,"C:\\Users\\T500\\Desktop\\backend\\src\\dtos\\user\\login.dto.ts": {"path":"C:\\Users\\T500\\Desktop\\backend\\src\\dtos\\user\\login.dto.ts","statementMap":{"0":{"start":{"line":1,"column":0},"end":{"line":1,"column":21}},"1":{"start":{"line":13,"column":13},"end":{"line":28,"column":null}},"2":{"start":{"line":28,"column":21},"end":{"line":28,"column":46}}},"fnMap":{"0":{"name":"(anonymous_0)","decl":{"start":{"line":28,"column":13},"end":{"line":28,"column":17}},"loc":{"start":{"line":28,"column":21},"end":{"line":28,"column":46}}}},"branchMap":{},"s":{"0":1,"1":1,"2":1},"f":{"0":1},"b":{}}
,"C:\\Users\\T500\\Desktop\\backend\\src\\dtos\\user\\signup.dto.ts": {"path":"C:\\Users\\T500\\Desktop\\backend\\src\\dtos\\user\\signup.dto.ts","statementMap":{"0":{"start":{"line":1,"column":0},"end":{"line":1,"column":21}},"1":{"start":{"line":14,"column":13},"end":{"line":36,"column":null}},"2":{"start":{"line":36,"column":21},"end":{"line":36,"column":47}}},"fnMap":{"0":{"name":"(anonymous_0)","decl":{"start":{"line":36,"column":13},"end":{"line":36,"column":17}},"loc":{"start":{"line":36,"column":21},"end":{"line":36,"column":47}}}},"branchMap":{},"s":{"0":1,"1":1,"2":1},"f":{"0":1},"b":{}}
,"C:\\Users\\T500\\Desktop\\backend\\src\\errors\\BadRequestError.ts": {"path":"C:\\Users\\T500\\Desktop\\backend\\src\\errors\\BadRequestError.ts","statementMap":{"0":{"start":{"line":1,"column":0},"end":{"line":1,"column":40}},"1":{"start":{"line":7,"column":8},"end":{"line":7,"column":null}},"2":{"start":{"line":3,"column":0},"end":{"line":3,"column":13}}},"fnMap":{"0":{"name":"(anonymous_0)","decl":{"start":{"line":4,"column":4},"end":{"line":4,"column":null}},"loc":{"start":{"line":5,"column":47},"end":{"line":8,"column":5}}}},"branchMap":{"0":{"loc":{"start":{"line":5,"column":8},"end":{"line":5,"column":47}},"type":"default-arg","locations":[{"start":{"line":5,"column":26},"end":{"line":5,"column":47}}]}},"s":{"0":2,"1":0,"2":2},"f":{"0":0},"b":{"0":[0]}}
,"C:\\Users\\T500\\Desktop\\backend\\src\\errors\\BaseError.ts": {"path":"C:\\Users\\T500\\Desktop\\backend\\src\\errors\\BaseError.ts","statementMap":{"0":{"start":{"line":6,"column":8},"end":{"line":6,"column":null}},"1":{"start":{"line":3,"column":15},"end":{"line":3,"column":33}},"2":{"start":{"line":1,"column":0},"end":{"line":1,"column":22}}},"fnMap":{"0":{"name":"(anonymous_0)","decl":{"start":{"line":2,"column":4},"end":{"line":2,"column":null}},"loc":{"start":{"line":4,"column":23},"end":{"line":7,"column":5}}}},"branchMap":{},"s":{"0":0,"1":0,"2":2},"f":{"0":0},"b":{}}
,"C:\\Users\\T500\\Desktop\\backend\\src\\errors\\NotFoundError.ts": {"path":"C:\\Users\\T500\\Desktop\\backend\\src\\errors\\NotFoundError.ts","statementMap":{"0":{"start":{"line":1,"column":0},"end":{"line":1,"column":40}},"1":{"start":{"line":7,"column":8},"end":{"line":7,"column":null}},"2":{"start":{"line":3,"column":0},"end":{"line":3,"column":13}}},"fnMap":{"0":{"name":"(anonymous_0)","decl":{"start":{"line":4,"column":4},"end":{"line":4,"column":null}},"loc":{"start":{"line":5,"column":50},"end":{"line":8,"column":5}}}},"branchMap":{"0":{"loc":{"start":{"line":5,"column":8},"end":{"line":5,"column":50}},"type":"default-arg","locations":[{"start":{"line":5,"column":26},"end":{"line":5,"column":50}}]}},"s":{"0":2,"1":0,"2":2},"f":{"0":0},"b":{"0":[0]}}
,"C:\\Users\\T500\\Desktop\\backend\\src\\models\\User.ts": {"path":"C:\\Users\\T500\\Desktop\\backend\\src\\models\\User.ts","statementMap":{"0":{"start":{"line":12,"column":16},"end":{"line":12,"column":26}},"1":{"start":{"line":13,"column":16},"end":{"line":13,"column":28}},"2":{"start":{"line":14,"column":16},"end":{"line":14,"column":29}},"3":{"start":{"line":15,"column":16},"end":{"line":15,"column":32}},"4":{"start":{"line":16,"column":16},"end":{"line":16,"column":32}},"5":{"start":{"line":17,"column":16},"end":{"line":17,"column":33}},"6":{"start":{"line":21,"column":8},"end":{"line":21,"column":null}},"7":{"start":{"line":25,"column":8},"end":{"line":25,"column":null}},"8":{"start":{"line":29,"column":8},"end":{"line":29,"column":null}},"9":{"start":{"line":33,"column":8},"end":{"line":33,"column":null}},"10":{"start":{"line":37,"column":8},"end":{"line":37,"column":null}},"11":{"start":{"line":41,"column":8},"end":{"line":41,"column":null}},"12":{"start":{"line":45,"column":8},"end":{"line":45,"column":null}},"13":{"start":{"line":49,"column":8},"end":{"line":49,"column":null}},"14":{"start":{"line":53,"column":8},"end":{"line":53,"column":null}},"15":{"start":{"line":57,"column":8},"end":{"line":57,"column":null}},"16":{"start":{"line":61,"column":8},"end":{"line":61,"column":null}},"17":{"start":{"line":65,"column":8},"end":{"line":65,"column":null}},"18":{"start":{"line":69,"column":8},"end":{"line":76,"column":null}},"19":{"start":{"line":80,"column":8},"end":{"line":87,"column":null}},"20":{"start":{"line":10,"column":0},"end":{"line":10,"column":13}}},"fnMap":{"0":{"name":"(anonymous_0)","decl":{"start":{"line":11,"column":4},"end":{"line":11,"column":null}},"loc":{"start":{"line":17,"column":33},"end":{"line":18,"column":8}}},"1":{"name":"(anonymous_1)","decl":{"start":{"line":20,"column":11},"end":{"line":20,"column":16}},"loc":{"start":{"line":20,"column":16},"end":{"line":22,"column":5}}},"2":{"name":"(anonymous_2)","decl":{"start":{"line":24,"column":11},"end":{"line":24,"column":16}},"loc":{"start":{"line":24,"column":30},"end":{"line":26,"column":5}}},"3":{"name":"(anonymous_3)","decl":{"start":{"line":28,"column":11},"end":{"line":28,"column":18}},"loc":{"start":{"line":28,"column":18},"end":{"line":30,"column":5}}},"4":{"name":"(anonymous_4)","decl":{"start":{"line":32,"column":11},"end":{"line":32,"column":18}},"loc":{"start":{"line":32,"column":32},"end":{"line":34,"column":5}}},"5":{"name":"(anonymous_5)","decl":{"start":{"line":36,"column":11},"end":{"line":36,"column":19}},"loc":{"start":{"line":36,"column":19},"end":{"line":38,"column":5}}},"6":{"name":"(anonymous_6)","decl":{"start":{"line":40,"column":11},"end":{"line":40,"column":19}},"loc":{"start":{"line":40,"column":33},"end":{"line":42,"column":5}}},"7":{"name":"(anonymous_7)","decl":{"start":{"line":44,"column":11},"end":{"line":44,"column":22}},"loc":{"start":{"line":44,"column":22},"end":{"line":46,"column":5}}},"8":{"name":"(anonymous_8)","decl":{"start":{"line":48,"column":11},"end":{"line":48,"column":22}},"loc":{"start":{"line":48,"column":36},"end":{"line":50,"column":5}}},"9":{"name":"(anonymous_9)","decl":{"start":{"line":52,"column":11},"end":{"line":52,"column":18}},"loc":{"start":{"line":52,"column":18},"end":{"line":54,"column":5}}},"10":{"name":"(anonymous_10)","decl":{"start":{"line":56,"column":11},"end":{"line":56,"column":18}},"loc":{"start":{"line":56,"column":36},"end":{"line":58,"column":5}}},"11":{"name":"(anonymous_11)","decl":{"start":{"line":60,"column":11},"end":{"line":60,"column":23}},"loc":{"start":{"line":60,"column":23},"end":{"line":62,"column":5}}},"12":{"name":"(anonymous_12)","decl":{"start":{"line":64,"column":11},"end":{"line":64,"column":23}},"loc":{"start":{"line":64,"column":37},"end":{"line":66,"column":5}}},"13":{"name":"(anonymous_13)","decl":{"start":{"line":68,"column":11},"end":{"line":68,"column":20}},"loc":{"start":{"line":68,"column":20},"end":{"line":77,"column":5}}},"14":{"name":"(anonymous_14)","decl":{"start":{"line":79,"column":11},"end":{"line":79,"column":26}},"loc":{"start":{"line":79,"column":26},"end":{"line":88,"column":5}}}},"branchMap":{},"s":{"0":2,"1":2,"2":2,"3":2,"4":2,"5":2,"6":2,"7":0,"8":2,"9":0,"10":0,"11":0,"12":1,"13":0,"14":2,"15":0,"16":0,"17":0,"18":1,"19":0,"20":2},"f":{"0":2,"1":2,"2":0,"3":2,"4":0,"5":0,"6":0,"7":1,"8":0,"9":2,"10":0,"11":0,"12":0,"13":1,"14":0},"b":{}}
,"C:\\Users\\T500\\Desktop\\backend\\tests\\mocks\\HashManagerMock.ts": {"path":"C:\\Users\\T500\\Desktop\\backend\\tests\\mocks\\HashManagerMock.ts","statementMap":{"0":{"start":{"line":2,"column":11},"end":{"line":6,"column":null}},"1":{"start":{"line":4,"column":25},"end":{"line":6,"column":null}},"2":{"start":{"line":5,"column":6},"end":{"line":5,"column":null}},"3":{"start":{"line":8,"column":11},"end":{"line":22,"column":null}},"4":{"start":{"line":11,"column":26},"end":{"line":22,"column":null}},"5":{"start":{"line":12,"column":6},"end":{"line":21,"column":null}},"6":{"start":{"line":14,"column":10},"end":{"line":14,"column":null}},"7":{"start":{"line":17,"column":10},"end":{"line":17,"column":null}},"8":{"start":{"line":20,"column":10},"end":{"line":20,"column":null}},"9":{"start":{"line":1,"column":0},"end":{"line":1,"column":13}}},"fnMap":{"0":{"name":"(anonymous_7)","decl":{"start":{"line":1,"column":0},"end":{"line":1,"column":13}},"loc":{"start":{"line":1,"column":0},"end":{"line":23,"column":1}}},"1":{"name":"(anonymous_8)","decl":{"start":{"line":2,"column":18},"end":{"line":2,"column":null}},"loc":{"start":{"line":4,"column":25},"end":{"line":6,"column":null}}},"2":{"name":"(anonymous_9)","decl":{"start":{"line":4,"column":25},"end":{"line":4,"column":null}},"loc":{"start":{"line":4,"column":25},"end":{"line":6,"column":5}}},"3":{"name":"(anonymous_10)","decl":{"start":{"line":8,"column":21},"end":{"line":8,"column":null}},"loc":{"start":{"line":11,"column":26},"end":{"line":22,"column":null}}},"4":{"name":"(anonymous_11)","decl":{"start":{"line":11,"column":26},"end":{"line":11,"column":null}},"loc":{"start":{"line":11,"column":26},"end":{"line":22,"column":5}}}},"branchMap":{"0":{"loc":{"start":{"line":12,"column":6},"end":{"line":21,"column":null}},"type":"switch","locations":[{"start":{"line":13,"column":8},"end":{"line":14,"column":null}},{"start":{"line":16,"column":8},"end":{"line":17,"column":null}},{"start":{"line":19,"column":8},"end":{"line":20,"column":null}}]}},"s":{"0":2,"1":1,"2":1,"3":2,"4":1,"5":1,"6":1,"7":0,"8":0,"9":2},"f":{"0":2,"1":1,"2":1,"3":1,"4":1},"b":{"0":[1,0,0]}}
,"C:\\Users\\T500\\Desktop\\backend\\tests\\mocks\\IdGeneratorMock.ts": {"path":"C:\\Users\\T500\\Desktop\\backend\\tests\\mocks\\IdGeneratorMock.ts","statementMap":{"0":{"start":{"line":2,"column":11},"end":{"line":4,"column":null}},"1":{"start":{"line":3,"column":8},"end":{"line":3,"column":null}},"2":{"start":{"line":1,"column":0},"end":{"line":1,"column":13}}},"fnMap":{"0":{"name":"(anonymous_0)","decl":{"start":{"line":1,"column":0},"end":{"line":1,"column":13}},"loc":{"start":{"line":1,"column":0},"end":{"line":5,"column":1}}},"1":{"name":"(anonymous_1)","decl":{"start":{"line":2,"column":22},"end":{"line":2,"column":33}},"loc":{"start":{"line":2,"column":35},"end":{"line":4,"column":5}}}},"branchMap":{},"s":{"0":2,"1":1,"2":2},"f":{"0":2,"1":1},"b":{}}
,"C:\\Users\\T500\\Desktop\\backend\\tests\\mocks\\TokenManagerMock.ts": {"path":"C:\\Users\\T500\\Desktop\\backend\\tests\\mocks\\TokenManagerMock.ts","statementMap":{"0":{"start":{"line":1,"column":0},"end":{"line":1,"column":47}},"1":{"start":{"line":5,"column":9},"end":{"line":18,"column":null}},"2":{"start":{"line":6,"column":4},"end":{"line":17,"column":null}},"3":{"start":{"line":8,"column":6},"end":{"line":8,"column":null}},"4":{"start":{"line":10,"column":11},"end":{"line":17,"column":null}},"5":{"start":{"line":12,"column":6},"end":{"line":12,"column":null}},"6":{"start":{"line":16,"column":6},"end":{"line":16,"column":null}},"7":{"start":{"line":20,"column":9},"end":{"line":38,"column":null}},"8":{"start":{"line":21,"column":4},"end":{"line":37,"column":null}},"9":{"start":{"line":22,"column":6},"end":{"line":26,"column":null}},"10":{"start":{"line":28,"column":11},"end":{"line":37,"column":null}},"11":{"start":{"line":29,"column":6},"end":{"line":33,"column":null}},"12":{"start":{"line":36,"column":6},"end":{"line":36,"column":null}},"13":{"start":{"line":4,"column":0},"end":{"line":4,"column":13}}},"fnMap":{"0":{"name":"(anonymous_0)","decl":{"start":{"line":4,"column":0},"end":{"line":4,"column":13}},"loc":{"start":{"line":4,"column":0},"end":{"line":39,"column":1}}},"1":{"name":"(anonymous_1)","decl":{"start":{"line":5,"column":23},"end":{"line":5,"column":24}},"loc":{"start":{"line":5,"column":57},"end":{"line":18,"column":3}}},"2":{"name":"(anonymous_2)","decl":{"start":{"line":20,"column":22},"end":{"line":20,"column":23}},"loc":{"start":{"line":20,"column":61},"end":{"line":38,"column":3}}}},"branchMap":{"0":{"loc":{"start":{"line":6,"column":4},"end":{"line":17,"column":null}},"type":"if","locations":[{"start":{"line":6,"column":4},"end":{"line":17,"column":null}},{"start":{"line":10,"column":11},"end":{"line":17,"column":null}}]},"1":{"loc":{"start":{"line":10,"column":11},"end":{"line":17,"column":null}},"type":"if","locations":[{"start":{"line":10,"column":11},"end":{"line":17,"column":null}},{"start":{"line":14,"column":11},"end":{"line":17,"column":null}}]},"2":{"loc":{"start":{"line":21,"column":4},"end":{"line":37,"column":null}},"type":"if","locations":[{"start":{"line":21,"column":4},"end":{"line":37,"column":null}},{"start":{"line":28,"column":11},"end":{"line":37,"column":null}}]},"3":{"loc":{"start":{"line":28,"column":11},"end":{"line":37,"column":null}},"type":"if","locations":[{"start":{"line":28,"column":11},"end":{"line":37,"column":null}},{"start":{"line":35,"column":11},"end":{"line":37,"column":null}}]}},"s":{"0":2,"1":2,"2":2,"3":1,"4":1,"5":1,"6":0,"7":2,"8":0,"9":0,"10":0,"11":0,"12":0,"13":2},"f":{"0":2,"1":2,"2":0},"b":{"0":[1,1],"1":[1,0],"2":[0,0],"3":[0,0]}}
,"C:\\Users\\T500\\Desktop\\backend\\tests\\mocks\\UserDatabaseMock.ts": {"path":"C:\\Users\\T500\\Desktop\\backend\\tests\\mocks\\UserDatabaseMock.ts","statementMap":{"0":{"start":{"line":1,"column":0},"end":{"line":1,"column":55}},"1":{"start":{"line":2,"column":0},"end":{"line":2,"column":63}},"2":{"start":{"line":4,"column":28},"end":{"line":21,"column":null}},"3":{"start":{"line":29,"column":4},"end":{"line":36,"column":null}},"4":{"start":{"line":30,"column":6},"end":{"line":32,"column":null}},"5":{"start":{"line":31,"column":10},"end":{"line":32,"column":44}},"6":{"start":{"line":35,"column":6},"end":{"line":35,"column":null}},"7":{"start":{"line":42,"column":4},"end":{"line":42,"column":null}},"8":{"start":{"line":42,"column":36},"end":{"line":42,"column":50}},"9":{"start":{"line":48,"column":4},"end":{"line":48,"column":null}},"10":{"start":{"line":48,"column":36},"end":{"line":48,"column":56}},"11":{"start":{"line":23,"column":0},"end":{"line":23,"column":13}},"12":{"start":{"line":24,"column":16},"end":{"line":24,"column":null}}},"fnMap":{"0":{"name":"(anonymous_7)","decl":{"start":{"line":26,"column":15},"end":{"line":26,"column":24}},"loc":{"start":{"line":27,"column":25},"end":{"line":37,"column":null}}},"1":{"name":"(anonymous_9)","decl":{"start":{"line":30,"column":30},"end":{"line":30,"column":34}},"loc":{"start":{"line":31,"column":10},"end":{"line":32,"column":44}}},"2":{"name":"(anonymous_10)","decl":{"start":{"line":39,"column":15},"end":{"line":39,"column":27}},"loc":{"start":{"line":40,"column":14},"end":{"line":43,"column":null}}},"3":{"name":"(anonymous_12)","decl":{"start":{"line":42,"column":28},"end":{"line":42,"column":32}},"loc":{"start":{"line":42,"column":36},"end":{"line":42,"column":50}}},"4":{"name":"(anonymous_13)","decl":{"start":{"line":45,"column":15},"end":{"line":45,"column":26}},"loc":{"start":{"line":46,"column":17},"end":{"line":49,"column":null}}},"5":{"name":"(anonymous_15)","decl":{"start":{"line":48,"column":28},"end":{"line":48,"column":32}},"loc":{"start":{"line":48,"column":36},"end":{"line":48,"column":56}}},"6":{"name":"(anonymous_16)","decl":{"start":{"line":51,"column":15},"end":{"line":51,"column":21}},"loc":{"start":{"line":52,"column":21},"end":{"line":55,"column":null}}}},"branchMap":{"0":{"loc":{"start":{"line":29,"column":4},"end":{"line":36,"column":null}},"type":"if","locations":[{"start":{"line":29,"column":4},"end":{"line":36,"column":null}},{"start":{"line":34,"column":11},"end":{"line":36,"column":null}}]}},"s":{"0":2,"1":2,"2":2,"3":0,"4":0,"5":0,"6":0,"7":0,"8":0,"9":1,"10":2,"11":2,"12":2},"f":{"0":0,"1":0,"2":0,"3":0,"4":1,"5":2,"6":1},"b":{"0":[0,0]}}
}
